<?xml version="1.0" encoding="UTF-8"?>
<!-- Generated by org.testng.reporters.JUnitXMLReporter -->
<testsuite hostname="PSDLAP078" name="Default test" tests="8" failures="0" timestamp="26 May 2021 11:16:25 GMT" time="25.735" errors="0">
  <testcase name="Login" time="1.594" classname="com.orangehrm.TestPlan"/>
  <testcase name="CreateUser" time="5.911" classname="com.orangehrm.TestPlan"/>
  <testcase name="pressEmployeeListButton" time="2.119" classname="com.orangehrm.TestPlan"/>
  <testcase name="ViewReports" time="0.386" classname="com.orangehrm.TestPlan"/>
  <testcase name="AssignLeave" time="2.958" classname="com.orangehrm.TestPlan"/>
  <testcase name="EditOrganizationStructure" time="3.889" classname="com.orangehrm.TestPlan"/>
  <testcase name="SearchDirectory" time="2.933" classname="com.orangehrm.TestPlan"/>
  <testcase name="ViewAbout" time="0.501" classname="com.orangehrm.TestPlan"/>
</testsuite> <!-- Default test -->
